<?xml version="1.0" encoding="UTF-8"?>
<testng-results skipped="0" failed="0" total="1" passed="1">
  <reporter-output>
    <line>
      <![CDATA[hello]]>
    </line>
  </reporter-output>
  <suite name="Default suite" duration-ms="125" started-at="2021-02-22T13:18:05Z" finished-at="2021-02-22T13:18:05Z">
    <groups>
    </groups>
    <test name="Default test" duration-ms="125" started-at="2021-02-22T13:18:05Z" finished-at="2021-02-22T13:18:05Z">
      <class name="project1.Demo">
        <test-method status="PASS" signature="test1()[pri:0, instance:project1.Demo@6276ae34]" name="test1" duration-ms="67" started-at="2021-02-22T18:48:05Z" finished-at="2021-02-22T18:48:05Z">
          <reporter-output>
            <line>
              <![CDATA[hello]]>
            </line>
          </reporter-output>
        </test-method> <!-- test1 -->
      </class> <!-- project1.Demo -->
    </test> <!-- Default test -->
  </suite> <!-- Default suite -->
</testng-results>
