<?xml version="1.0" encoding="UTF-8"?>
<!-- Generated by org.testng.reporters.JUnitXMLReporter -->
<testsuite hostname="DESKTOP-ODJGIG9" name="Default test" tests="3" failures="0" timestamp="10 Mar 2021 06:00:54 GMT" time="2.131" errors="0">
  <testcase name="test" time="0.029" classname="sdet.MultiDimensionalArray"/>
  <testcase name="test" time="0.01" classname="sdet.MultiDimensionalArray"/>
  <testcase name="test" time="0.01" classname="sdet.MultiDimensionalArray"/>
</testsuite> <!-- Default test -->
