<?xml version="1.0" encoding="UTF-8"?>
<!-- Generated by org.testng.reporters.JUnitXMLReporter -->
<testsuite hostname="DESKTOP-ODJGIG9" name="Test runner 1" tests="2" failures="0" timestamp="1 Mar 2021 08:49:57 GMT" time="119.541" errors="0">
  <testcase name="NavigatToProductImageInfo" time="24.979" classname="com.erp.SMrail.ProductTest.NavigatToProductImageInfoTC09"/>
  <testcase name="NavigateToPrice" time="22.911" classname="com.erp.SMrail.ProductTest.NavigateToPriceTC07"/>
</testsuite> <!-- Test runner 1 -->
