<?xml version="1.0" encoding="UTF-8"?>
<testng-results skipped="0" failed="0" total="3" passed="3">
  <reporter-output>
  </reporter-output>
  <suite name="Default suite" duration-ms="2131" started-at="2021-03-10T06:00:52Z" finished-at="2021-03-10T06:00:54Z">
    <groups>
    </groups>
    <test name="Default test" duration-ms="2131" started-at="2021-03-10T06:00:52Z" finished-at="2021-03-10T06:00:54Z">
      <class name="sdet.MultiDimensionalArray">
        <test-method status="PASS" signature="test(java.lang.String, java.lang.String, java.lang.String)[pri:0, instance:sdet.MultiDimensionalArray@51565ec2]" name="test" duration-ms="29" started-at="2021-03-10T11:30:54Z" data-provider="testdata" finished-at="2021-03-10T11:30:54Z">
          <params>
            <param index="0">
              <value>
                <![CDATA[banglore]]>
              </value>
            </param>
            <param index="1">
              <value>
                <![CDATA[tamilnadu]]>
              </value>
            </param>
            <param index="2">
              <value>
                <![CDATA[andra]]>
              </value>
            </param>
          </params>
          <reporter-output>
          </reporter-output>
        </test-method> <!-- test -->
        <test-method status="PASS" signature="test(java.lang.String, java.lang.String, java.lang.String)[pri:0, instance:sdet.MultiDimensionalArray@51565ec2]" name="test" duration-ms="10" started-at="2021-03-10T11:30:54Z" data-provider="testdata" finished-at="2021-03-10T11:30:54Z">
          <params>
            <param index="0">
              <value>
                <![CDATA[mumbai]]>
              </value>
            </param>
            <param index="1">
              <value>
                <![CDATA[up]]>
              </value>
            </param>
            <param index="2">
              <value>
                <![CDATA[delhi]]>
              </value>
            </param>
          </params>
          <reporter-output>
          </reporter-output>
        </test-method> <!-- test -->
        <test-method status="PASS" signature="test(java.lang.String, java.lang.String, java.lang.String)[pri:0, instance:sdet.MultiDimensionalArray@51565ec2]" name="test" duration-ms="10" started-at="2021-03-10T11:30:54Z" data-provider="testdata" finished-at="2021-03-10T11:30:54Z">
          <params>
            <param index="0">
              <value>
                <![CDATA[varanasi]]>
              </value>
            </param>
            <param index="1">
              <value>
                <![CDATA[utrakand]]>
              </value>
            </param>
            <param index="2">
              <value>
                <![CDATA[goa]]>
              </value>
            </param>
          </params>
          <reporter-output>
          </reporter-output>
        </test-method> <!-- test -->
      </class> <!-- sdet.MultiDimensionalArray -->
    </test> <!-- Default test -->
  </suite> <!-- Default suite -->
</testng-results>
