<?xml version="1.0" encoding="UTF-8"?>
<testng-results skipped="0" failed="0" total="1" passed="1">
  <reporter-output>
  </reporter-output>
  <suite name="Default suite" duration-ms="127" started-at="2021-03-14T07:46:22Z" finished-at="2021-03-14T07:46:22Z">
    <groups>
    </groups>
    <test name="Default test" duration-ms="127" started-at="2021-03-14T07:46:22Z" finished-at="2021-03-14T07:46:22Z">
      <class name="vtiger.Test">
        <test-method status="PASS" signature="launch()[pri:0, instance:vtiger.Test@cc285f4]" name="launch" duration-ms="45" started-at="2021-03-14T13:16:22Z" finished-at="2021-03-14T13:16:22Z">
          <reporter-output>
          </reporter-output>
        </test-method> <!-- launch -->
      </class> <!-- vtiger.Test -->
    </test> <!-- Default test -->
  </suite> <!-- Default suite -->
</testng-results>
